<?xml version="1.0" encoding="UTF-8"?>
<!-- Generated by org.testng.reporters.JUnitReportReporter -->
<testsuite hostname="Ds-MacBook-Pro.local" failures="0" tests="1"
	name="seleniumTests.AppTest" time="1.763" errors="0"
	timestamp="2024-07-09T16:44:44 IST" skipped="0">
	<testcase classname="seleniumTests.AppTest" name="testcase_01" time="1.763" />
	<system-out />
</testsuite> <!-- seleniumTests.AppTest -->
